<?xml version="1.0" encoding="UTF-8"?>
<!-- Generated by org.testng.reporters.JUnitReportReporter -->
<testsuite hostname="ZenLaptop401" name="framework.tests.TestCase2" tests="1" failures="0" timestamp="28 Oct 2014 14:11:28 GMT" time="87.326" errors="0">
  <testcase name="verifyWishList" time="87.326" classname="framework.tests.TestCase2"/>
</testsuite> <!-- framework.tests.TestCase2 -->
