<?xml version="1.0" encoding="UTF-8"?>
<!-- Generated by org.testng.reporters.JUnitReportReporter -->
<testsuite hostname="ZenLaptop401" name="framework.tests.AddPreferredTest" tests="1" failures="0" timestamp="4 Nov 2014 15:41:41 GMT" time="32.286" errors="0">
  <testcase name="test" time="32.286" classname="framework.tests.AddPreferredTest"/>
</testsuite> <!-- framework.tests.AddPreferredTest -->
