<?xml version="1.0" encoding="UTF-8"?>
<!-- Generated by org.testng.reporters.JUnitReportReporter -->
<testsuite hostname="ZenLaptop401" name="framework.tests.AddPreferredTest" tests="1" failures="0" timestamp="29 Oct 2014 15:13:17 GMT" time="51.861" errors="0">
  <testcase name="test" time="51.861" classname="framework.tests.AddPreferredTest"/>
</testsuite> <!-- framework.tests.AddPreferredTest -->
