<?xml version="1.0" encoding="UTF-8"?>
<!-- Generated by org.testng.reporters.JUnitReportReporter -->
<testsuite hostname="ZenLaptop401" name="framework.tests.WishListTest" tests="1" failures="0" timestamp="4 Nov 2014 14:28:01 GMT" time="98.898" errors="0">
  <testcase name="verifyWishList" time="98.898" classname="framework.tests.WishListTest"/>
</testsuite> <!-- framework.tests.WishListTest -->
